<?xml version="1.0" encoding="UTF-8"?>
<!-- Generated by org.testng.reporters.JUnitReportReporter -->
<testsuite hostname="DESKTOP-1BLE9HI" failures="0" tests="2" name="Amazontest.AmazonPageTest" time="10.497" errors="0" timestamp="2024-07-30T14:13:25 IST" skipped="0">
  <testcase classname="Amazontest.AmazonPageTest" name="testoption" time="4.940"/>
  <system-out/>
  <testcase classname="Amazontest.AmazonPageTest" name="testaddcart" time="5.557"/>
  <system-out/>
</testsuite> <!-- Amazontest.AmazonPageTest -->
